<?xml version="1.0" encoding="UTF-8"?>
<testsuite name="EtlTest" tests="4" skipped="0" failures="0" errors="0" timestamp="2015-02-03T13:53:00" hostname="Nick-Laptop" time="0.08">
  <properties/>
  <testcase name="testMoreKeys" classname="EtlTest" time="0.073"/>
  <testcase name="testTransformMoreValues" classname="EtlTest" time="0.003"/>
  <testcase name="testFullDataset" classname="EtlTest" time="0.002"/>
  <testcase name="testTransformOneValue" classname="EtlTest" time="0.001"/>
  <system-out><![CDATA[]]></system-out>
  <system-err><![CDATA[]]></system-err>
</testsuite>
